<?xml version="1.0" encoding="UTF-8"?>
<!-- Generated by org.testng.reporters.JUnitXMLReporter -->
<testsuite ignored="0" hostname="Swapnil" failures="2" tests="3" name="Testbrowser" time="8.353" errors="0" timestamp="2025-11-22T11:48:33 IST">
  <testcase classname="Day45.ParallelTest" name="testlogo" time="6.186">
    <failure type="java.lang.AssertionError" message="expected [true] but found [[[ChromeDriver: chrome on windows (3406f9539d513d2953341705853836cd)] -&amp;gt; xpath: //img[@alt=&amp;apos;company-branding&amp;apos;]]]">
      <![CDATA[java.lang.AssertionError: expected [true] but found [[[ChromeDriver: chrome on windows (3406f9539d513d2953341705853836cd)] -> xpath: //img[@alt='company-branding']]]
at Day45.ParallelTest.testlogo(ParallelTest.java:33)
at java.base/java.util.ArrayList.forEach(ArrayList.java:1596)
... Removed 30 stack frames]]>
    </failure>
  </testcase> <!-- testlogo -->
  <testcase classname="Day45.ParallelTest" name="testtitle" time="0.021">
    <failure type="java.lang.AssertionError" message="expected [true] but found [OrangeHRM]">
      <![CDATA[java.lang.AssertionError: expected [true] but found [OrangeHRM]
at Day45.ParallelTest.testtitle(ParallelTest.java:41)
at java.base/java.util.ArrayList.forEach(ArrayList.java:1596)
... Removed 30 stack frames]]>
    </failure>
  </testcase> <!-- testtitle -->
  <testcase classname="Day45.ParallelTest" name="testurl" time="0.017"/>
</testsuite> <!-- Testbrowser -->
