<?xml version="1.0" encoding="UTF-8"?>
<!-- Generated by org.testng.reporters.JUnitXMLReporter -->
<testsuite ignored="8" hostname="Swapnil" failures="0" tests="2" name="GroupTest" time="0.075" errors="0" timestamp="2025-11-21T11:04:05 IST">
  <testcase classname="Day44.PaymentDemoTest" name="paymentinrupees" time="0.013"/>
  <testcase classname="Day44.PaymentDemoTest" name="paymentindollar" time="0.003"/>
  <testcase classname="Day44.LoginTestDemo" name="loginbyTwitter" time="0.0">
    <ignored/>
  </testcase> <!-- loginbyTwitter -->
  <testcase classname="Day44.LoginTestDemo" name="loginbyWhatsapp" time="0.0">
    <ignored/>
  </testcase> <!-- loginbyWhatsapp -->
  <testcase classname="Day44.SignUpDemoTest" name="signupbyFacebook" time="0.0">
    <ignored/>
  </testcase> <!-- signupbyFacebook -->
  <testcase classname="Day44.LoginTestDemo" name="loginbyFacebook" time="0.0">
    <ignored/>
  </testcase> <!-- loginbyFacebook -->
  <testcase classname="Day44.LoginTestDemo" name="loginbyemail" time="0.0">
    <ignored/>
  </testcase> <!-- loginbyemail -->
  <testcase classname="Day44.SignUpDemoTest" name="signupbyemail" time="0.0">
    <ignored/>
  </testcase> <!-- signupbyemail -->
  <testcase classname="Day44.SignUpDemoTest" name="signupbyTwitter" time="0.0">
    <ignored/>
  </testcase> <!-- signupbyTwitter -->
  <testcase classname="Day44.SignUpDemoTest" name="signupbyWhatsapp" time="0.0">
    <ignored/>
  </testcase> <!-- signupbyWhatsapp -->
</testsuite> <!-- GroupTest -->
