<?xml version="1.0" encoding="UTF-8"?>
<!-- Generated by org.testng.reporters.JUnitXMLReporter -->
<testsuite ignored="6" hostname="Swapnil" failures="0" tests="2" name="groupingtests" time="0.096" errors="0" timestamp="2025-09-10T08:03:05 IST">
  <testcase classname="Day44.PaymentTests" name="PaymentinRupees" time="0.017"/>
  <testcase classname="Day44.PaymentTests" name="PaymentinDollars" time="0.002"/>
  <testcase classname="Day44.SignUpTests" name="signupbyFacebook" time="0.0">
    <ignored/>
  </testcase> <!-- signupbyFacebook -->
  <testcase classname="Day44.LoginTests" name="LoginByTwitter" time="0.0">
    <ignored/>
  </testcase> <!-- LoginByTwitter -->
  <testcase classname="Day44.LoginTests" name="LoginByFacebook" time="0.0">
    <ignored/>
  </testcase> <!-- LoginByFacebook -->
  <testcase classname="Day44.SignUpTests" name="signupbyTwitter" time="0.0">
    <ignored/>
  </testcase> <!-- signupbyTwitter -->
  <testcase classname="Day44.SignUpTests" name="signupbyEmail" time="0.0">
    <ignored/>
  </testcase> <!-- signupbyEmail -->
  <testcase classname="Day44.LoginTests" name="LoginByEmail" time="0.0">
    <ignored/>
  </testcase> <!-- LoginByEmail -->
</testsuite> <!-- groupingtests -->
