<?xml version="1.0" encoding="UTF-8"?>
<!-- Generated by org.testng.reporters.JUnitXMLReporter -->
<testsuite ignored="0" hostname="Swapnil" failures="0" tests="8" name="Test" time="0.138" errors="0" timestamp="2025-09-10T07:47:42 IST">
  <testcase classname="Day44.SignUpTests" name="signupbyEmail" time="0.018"/>
  <testcase classname="Day44.SignUpTests" name="signupbyFacebook" time="0.003"/>
  <testcase classname="Day44.SignUpTests" name="signupbyTwitter" time="0.002"/>
  <testcase classname="Day44.LoginTests" name="LoginByEmail" time="0.002"/>
  <testcase classname="Day44.LoginTests" name="LoginByFacebook" time="0.002"/>
  <testcase classname="Day44.LoginTests" name="LoginByTwitter" time="0.001"/>
  <testcase classname="Day44.PaymentTests" name="PaymentinRupees" time="0.003"/>
  <testcase classname="Day44.PaymentTests" name="PaymentinDollars" time="0.001"/>
</testsuite> <!-- Test -->
