<?xml version="1.0" encoding="UTF-8"?>
<!-- Generated by org.testng.reporters.JUnitXMLReporter -->
<testsuite ignored="0" hostname="Swapnil" failures="0" tests="7" name="CaseBtestngfile" time="5.655" errors="0" timestamp="2025-11-20T10:39:07 IST">
  <testcase classname="Day42.TestCaseB" name="openapp" time="1.698"/>
  <testcase classname="Day42.TestCaseB" name="logo" time="3.346"/>
  <testcase classname="Day42.TestCaseB" name="login" time="0.161"/>
  <testcase classname="Day42.TestCaseB" name="logout" time="0.326"/>
  <testcase classname="Day42.TestCaseA" name="openapp" time="0.002"/>
  <testcase classname="Day42.TestCaseA" name="login" time="0.002"/>
  <testcase classname="Day42.TestCaseA" name="logout" time="0.002"/>
</testsuite> <!-- CaseBtestngfile -->
