<?xml version="1.0" encoding="UTF-8"?>
<!-- Generated by org.testng.reporters.JUnitXMLReporter -->
<testsuite ignored="1" hostname="Swapnil" failures="1" tests="4" name="Test" time="0.155" errors="0" timestamp="2026-01-15T12:41:30 IST">
  <testcase classname="Day42.TestExample1" name="testE" time="0.021"/>
  <testcase classname="Day42.TestExample1" name="testD" time="0.003"/>
  <testcase classname="Day42.TestExample1" name="testC" time="0.017">
    <failure type="java.lang.AssertionError" message="expected [B] but found [A]">
      <![CDATA[java.lang.AssertionError: expected [B] but found [A]
at Day42.TestExample1.testC(TestExample1.java:22)
at java.base/java.util.ArrayList.forEach(ArrayList.java:1596)
... Removed 31 stack frames]]>
    </failure>
  </testcase> <!-- testC -->
  <testcase classname="Day42.TestExample1" name="testA" time="0.003"/>
  <testcase classname="Day42.TestExample1" name="testB" time="0.0">
    <ignored/>
  </testcase> <!-- testB -->
</testsuite> <!-- Test -->
