<?xml version="1.0" encoding="UTF-8"?>
<!-- Generated by org.testng.reporters.JUnitXMLReporter -->
<testsuite ignored="0" hostname="Swapnil" failures="1" tests="3" name="Testlistener" time="8.74" errors="0" timestamp="2025-11-22T15:31:49 IST">
  <testcase classname="Day46.OrangeHRMDemoTest" name="testLogo" time="1.61">
    <failure type="java.lang.AssertionError" message="expected [true] but found [false]">
      <![CDATA[java.lang.AssertionError: expected [true] but found [false]
at Day46.OrangeHRMDemoTest.testLogo(OrangeHRMDemoTest.java:30)
at java.base/java.util.ArrayList.forEach(ArrayList.java:1596)
... Removed 29 stack frames]]>
    </failure>
  </testcase> <!-- testLogo -->
  <testcase classname="Day46.OrangeHRMDemoTest" name="testTitle" time="0.019"/>
  <testcase classname="Day46.OrangeHRMDemoTest" name="testURL" time="0.018"/>
</testsuite> <!-- Testlistener -->
