<?xml version="1.0" encoding="UTF-8"?>
<testng-results ignored="0" total="0" passed="0" failed="0" skipped="0">
  <reporter-output>
  </reporter-output>
  <suite started-at="2025-11-26T13:09:29 IST" name="SuiteAlert" finished-at="2025-11-26T13:09:29 IST" duration-ms="11">
    <groups>
    </groups>
    <test started-at="2025-11-26T13:09:29 IST" name="TestAlert" finished-at="2025-11-26T13:09:29 IST" duration-ms="11">
    </test> <!-- TestAlert -->
  </suite> <!-- SuiteAlert -->
</testng-results>
