<?xml version="1.0" encoding="UTF-8"?>
<testng-results ignored="0" total="2" passed="2" failed="0" skipped="0">
  <reporter-output>
  </reporter-output>
  <suite started-at="2025-11-26T10:43:18 IST" name="Suite" finished-at="2025-11-26T10:43:34 IST" duration-ms="15129">
    <groups>
    </groups>
    <test started-at="2025-11-26T10:43:18 IST" name="chrometest" finished-at="2025-11-26T10:43:34 IST" duration-ms="15129">
      <class name="Day48.TestAutomationPageTest">
        <test-method is-config="true" signature="setup(java.lang.String)[pri:0, instance:Day48.TestAutomationPageTest@710f4dc7]" started-at="2025-11-26T10:43:19 IST" name="setup" finished-at="2025-11-26T10:43:24 IST" duration-ms="5431" status="PASS">
          <params>
            <param index="0">
              <value>
                <![CDATA[chrome]]>
              </value>
            </param>
          </params>
          <reporter-output>
          </reporter-output>
        </test-method> <!-- setup -->
        <test-method signature="testpage()[pri:0, instance:Day48.TestAutomationPageTest@710f4dc7]" started-at="2025-11-26T10:43:24 IST" name="testpage" finished-at="2025-11-26T10:43:30 IST" duration-ms="6227" status="PASS">
          <reporter-output>
          </reporter-output>
        </test-method> <!-- testpage -->
        <test-method signature="verifyTitle()[pri:0, instance:Day48.TestAutomationPageTest@710f4dc7]" started-at="2025-11-26T10:43:30 IST" name="verifyTitle" finished-at="2025-11-26T10:43:30 IST" duration-ms="29" status="PASS">
          <reporter-output>
          </reporter-output>
        </test-method> <!-- verifyTitle -->
        <test-method is-config="true" signature="teardown()[pri:0, instance:Day48.TestAutomationPageTest@710f4dc7]" started-at="2025-11-26T10:43:30 IST" name="teardown" finished-at="2025-11-26T10:43:34 IST" duration-ms="3375" status="PASS">
          <reporter-output>
          </reporter-output>
        </test-method> <!-- teardown -->
      </class> <!-- Day48.TestAutomationPageTest -->
    </test> <!-- chrometest -->
  </suite> <!-- Suite -->
</testng-results>
