<?xml version="1.0" encoding="UTF-8"?>
<testng-results ignored="1" total="5" passed="3" failed="1" skipped="0">
  <reporter-output>
  </reporter-output>
  <suite started-at="2026-01-15T12:41:30 IST" name="Suite" finished-at="2026-01-15T12:41:30 IST" duration-ms="155">
    <groups>
      <group name="regression">
        <method signature="TestExample1.testE()[pri:0, instance:Day42.TestExample1@175c2241]" name="testE" class="Day42.TestExample1"/>
        <method signature="TestExample1.testD()[pri:1, instance:Day42.TestExample1@175c2241]" name="testD" class="Day42.TestExample1"/>
        <method signature="TestExample1.testC()[pri:2, instance:Day42.TestExample1@175c2241]" name="testC" class="Day42.TestExample1"/>
        <method signature="TestExample1.testA()[pri:4, instance:Day42.TestExample1@175c2241]" name="testA" class="Day42.TestExample1"/>
      </group> <!-- regression -->
      <group name="sanity">
        <method signature="TestExample1.testD()[pri:1, instance:Day42.TestExample1@175c2241]" name="testD" class="Day42.TestExample1"/>
      </group> <!-- sanity -->
    </groups>
    <test started-at="2026-01-15T12:41:30 IST" name="Test" finished-at="2026-01-15T12:41:30 IST" duration-ms="155">
      <class name="Day42.TestExample1">
        <test-method signature="testE()[pri:0, instance:Day42.TestExample1@175c2241]" started-at="2026-01-15T12:41:30 IST" name="testE" finished-at="2026-01-15T12:41:30 IST" duration-ms="21" status="PASS">
          <reporter-output>
          </reporter-output>
        </test-method> <!-- testE -->
        <test-method signature="testD()[pri:1, instance:Day42.TestExample1@175c2241]" started-at="2026-01-15T12:41:30 IST" name="testD" finished-at="2026-01-15T12:41:30 IST" duration-ms="3" status="PASS">
          <reporter-output>
          </reporter-output>
        </test-method> <!-- testD -->
        <test-method signature="testC()[pri:2, instance:Day42.TestExample1@175c2241]" started-at="2026-01-15T12:41:30 IST" name="testC" finished-at="2026-01-15T12:41:30 IST" duration-ms="17" status="FAIL">
          <exception class="java.lang.AssertionError">
            <message>
              <![CDATA[expected [B] but found [A]]]>
            </message>
            <full-stacktrace>
              <![CDATA[java.lang.AssertionError: expected [B] but found [A]
at org.testng.Assert.fail(Assert.java:111)
at org.testng.Assert.failNotEquals(Assert.java:1590)
at org.testng.Assert.assertEqualsImpl(Assert.java:150)
at org.testng.Assert.assertEquals(Assert.java:132)
at org.testng.Assert.assertEquals(Assert.java:656)
at org.testng.Assert.assertEquals(Assert.java:666)
at Day42.TestExample1.testC(TestExample1.java:22)
at java.base/jdk.internal.reflect.DirectMethodHandleAccessor.invoke(DirectMethodHandleAccessor.java:103)
at java.base/java.lang.reflect.Method.invoke(Method.java:580)
at org.testng.internal.invokers.MethodInvocationHelper.invokeMethod(MethodInvocationHelper.java:141)
at org.testng.internal.invokers.TestInvoker.invokeMethod(TestInvoker.java:687)
at org.testng.internal.invokers.TestInvoker.invokeTestMethod(TestInvoker.java:230)
at org.testng.internal.invokers.MethodRunner.runInSequence(MethodRunner.java:63)
at org.testng.internal.invokers.TestInvoker$MethodInvocationAgent.invoke(TestInvoker.java:995)
at org.testng.internal.invokers.TestInvoker.invokeTestMethods(TestInvoker.java:203)
at org.testng.internal.invokers.TestMethodWorker.invokeTestMethods(TestMethodWorker.java:154)
at org.testng.internal.invokers.TestMethodWorker.run(TestMethodWorker.java:134)
at java.base/java.util.ArrayList.forEach(ArrayList.java:1596)
at org.testng.TestRunner.privateRun(TestRunner.java:741)
at org.testng.TestRunner.run(TestRunner.java:616)
at org.testng.SuiteRunner.runTest(SuiteRunner.java:421)
at org.testng.SuiteRunner.runSequentially(SuiteRunner.java:413)
at org.testng.SuiteRunner.privateRun(SuiteRunner.java:373)
at org.testng.SuiteRunner.run(SuiteRunner.java:312)
at org.testng.SuiteRunnerWorker.runSuite(SuiteRunnerWorker.java:52)
at org.testng.SuiteRunnerWorker.run(SuiteRunnerWorker.java:95)
at org.testng.TestNG.runSuitesSequentially(TestNG.java:1274)
at org.testng.TestNG.runSuitesLocally(TestNG.java:1208)
at org.testng.TestNG.runSuites(TestNG.java:1112)
at org.testng.TestNG.run(TestNG.java:1079)
at org.testng.remote.AbstractRemoteTestNG.run(AbstractRemoteTestNG.java:115)
at org.testng.remote.RemoteTestNG.initAndRun(RemoteTestNG.java:293)
at org.testng.remote.RemoteTestNG.main(RemoteTestNG.java:91)
]]>
            </full-stacktrace>
          </exception> <!-- java.lang.AssertionError -->
          <reporter-output>
          </reporter-output>
        </test-method> <!-- testC -->
        <test-method signature="testA()[pri:4, instance:Day42.TestExample1@175c2241]" started-at="2026-01-15T12:41:30 IST" name="testA" finished-at="2026-01-15T12:41:30 IST" duration-ms="3" status="PASS">
          <reporter-output>
          </reporter-output>
        </test-method> <!-- testA -->
      </class> <!-- Day42.TestExample1 -->
    </test> <!-- Test -->
  </suite> <!-- Suite -->
</testng-results>
