<?xml version="1.0" encoding="UTF-8"?>
<!-- Generated by org.testng.reporters.JUnitReportReporter -->
<testsuite hostname="Swapnil" failures="0" tests="9" name="Day45.ParallelTest" time="0.506" errors="0" timestamp="2025-11-22T12:38:19 IST" skipped="0">
  <testcase classname="Day45.ParallelTest" name="testlogo" time="0.070"/>
  <testcase classname="Day45.ParallelTest" name="testlogo" time="0.116"/>
  <testcase classname="Day45.ParallelTest" name="testlogo" time="0.092"/>
  <testcase classname="Day45.ParallelTest" name="testtitle" time="0.052"/>
  <testcase classname="Day45.ParallelTest" name="testtitle" time="0.036"/>
  <testcase classname="Day45.ParallelTest" name="testtitle" time="0.056"/>
  <testcase classname="Day45.ParallelTest" name="testurl" time="0.033"/>
  <testcase classname="Day45.ParallelTest" name="testurl" time="0.035"/>
  <testcase classname="Day45.ParallelTest" name="testurl" time="0.016"/>
</testsuite> <!-- Day45.ParallelTest -->
