<?xml version="1.0" encoding="UTF-8"?>
<!-- Generated by org.testng.reporters.JUnitReportReporter -->
<testsuite hostname="Swapnil" failures="0" tests="4" name="Day42.OrangeHRMTest" time="12.393" errors="0" timestamp="2025-09-08T11:37:22 IST" skipped="0">
  <testcase classname="Day42.OrangeHRMTest" name="LaunchURL" time="3.327"/>
  <testcase classname="Day42.OrangeHRMTest" name="Openapplication" time="8.412"/>
  <testcase classname="Day42.OrangeHRMTest" name="Login" time="0.342"/>
  <testcase classname="Day42.OrangeHRMTest" name="Logout" time="0.312"/>
</testsuite> <!-- Day42.OrangeHRMTest -->
