<?xml version="1.0" encoding="UTF-8"?>
<!-- Generated by org.testng.reporters.JUnitReportReporter -->
<testsuite hostname="Swapnil" failures="0" tests="4" name="Day44.LoginTestDemo" time="0.024" errors="0" timestamp="2025-11-21T10:59:01 IST" skipped="0">
  <testcase classname="Day44.LoginTestDemo" name="loginbyemail" time="0.016"/>
  <testcase classname="Day44.LoginTestDemo" name="loginbyFacebook" time="0.003"/>
  <testcase classname="Day44.LoginTestDemo" name="loginbyWhatsapp" time="0.003"/>
  <testcase classname="Day44.LoginTestDemo" name="loginbyTwitter" time="0.002"/>
</testsuite> <!-- Day44.LoginTestDemo -->
