<?xml version="1.0" encoding="UTF-8"?>
<!-- Generated by org.testng.reporters.JUnitReportReporter -->
<testsuite hostname="Swapnil" failures="0" tests="3" name="Day44.LoginTests" time="0.013" errors="0" timestamp="2025-09-10T08:00:07 IST" skipped="0">
  <testcase classname="Day44.LoginTests" name="LoginByEmail" time="0.003"/>
  <testcase classname="Day44.LoginTests" name="LoginByFacebook" time="0.007"/>
  <testcase classname="Day44.LoginTests" name="LoginByTwitter" time="0.003"/>
</testsuite> <!-- Day44.LoginTests -->
