<?xml version="1.0" encoding="UTF-8"?>
<!-- Generated by org.testng.reporters.JUnitReportReporter -->
<testsuite hostname="Swapnil" failures="0" tests="4" name="Day42.TestCaseB" time="5.531" errors="0" timestamp="2025-11-20T10:39:07 IST" skipped="0">
  <testcase classname="Day42.TestCaseB" name="openapp" time="1.698"/>
  <testcase classname="Day42.TestCaseB" name="logo" time="3.346"/>
  <testcase classname="Day42.TestCaseB" name="login" time="0.161"/>
  <testcase classname="Day42.TestCaseB" name="logout" time="0.326"/>
</testsuite> <!-- Day42.TestCaseB -->
