<?xml version="1.0" encoding="UTF-8"?>
<!-- Generated by org.testng.reporters.JUnitReportReporter -->
<testsuite hostname="Swapnil" failures="0" tests="2" name="Day43.AnnotationDemo2_BeforeAfterClass" time="0.022" errors="0" timestamp="2025-09-09T08:04:10 IST" skipped="0">
  <testcase classname="Day43.AnnotationDemo2_BeforeAfterClass" name="search" time="0.011"/>
  <testcase classname="Day43.AnnotationDemo2_BeforeAfterClass" name="advancesearch" time="0.011"/>
</testsuite> <!-- Day43.AnnotationDemo2_BeforeAfterClass -->
