<?xml version="1.0" encoding="UTF-8"?>
<!-- Generated by org.testng.reporters.JUnitReportReporter -->
<testsuite hostname="Swapnil" failures="0" tests="3" name="Day42.FirstTestCase" time="0.022" errors="0" timestamp="2025-11-20T08:49:26 IST" skipped="0">
  <testcase classname="Day42.FirstTestCase" name="Openapp" time="0.015"/>
  <testcase classname="Day42.FirstTestCase" name="Login" time="0.004"/>
  <testcase classname="Day42.FirstTestCase" name="Logout" time="0.003"/>
</testsuite> <!-- Day42.FirstTestCase -->
