<?xml version="1.0" encoding="UTF-8"?>
<!-- Generated by org.testng.reporters.JUnitReportReporter -->
<testsuite hostname="Swapnil" failures="0" tests="4" name="Day44.SignUpDemoTest" time="0.021" errors="0" timestamp="2025-11-21T10:56:48 IST" skipped="0">
  <testcase classname="Day44.SignUpDemoTest" name="signupbyemail" time="0.015"/>
  <testcase classname="Day44.SignUpDemoTest" name="signupbyFacebook" time="0.003"/>
  <testcase classname="Day44.SignUpDemoTest" name="signupbyWhatsapp" time="0.002"/>
  <testcase classname="Day44.SignUpDemoTest" name="signupbyTwitter" time="0.001"/>
</testsuite> <!-- Day44.SignUpDemoTest -->
