<?xml version="1.0" encoding="UTF-8"?>
<!-- Generated by org.testng.reporters.JUnitReportReporter -->
<testsuite hostname="Swapnil" failures="0" tests="3" name="Day44.SignUpTests" time="0.020" errors="0" timestamp="2025-09-10T08:00:07 IST" skipped="0">
  <testcase classname="Day44.SignUpTests" name="signupbyEmail" time="0.016"/>
  <testcase classname="Day44.SignUpTests" name="signupbyFacebook" time="0.002"/>
  <testcase classname="Day44.SignUpTests" name="signupbyTwitter" time="0.002"/>
</testsuite> <!-- Day44.SignUpTests -->
